<?xml version="1.0" encoding="UTF-8"?>
<!-- Generated by org.testng.reporters.JUnitXMLReporter -->
<testsuite ignored="0" hostname="DESKTOP-M0UH53U" failures="1" tests="3" name="Test for Fixed Deposit" time="18.827" errors="0" timestamp="2022-03-20T12:47:28 IST">
  <testcase classname="com.selenium.testcase_fd.FixedDeposit_Test" name="fixedDeposit_1lakh" time="6.197"/>
  <testcase classname="com.selenium.testcase_fd.FixedDeposit_Test" name="fixedDeposit_2lakh" time="3.348">
    <failure type="java.lang.AssertionError" message="expected [280000.00] but found [256000.00]">
      <![CDATA[java.lang.AssertionError: expected [280000.00] but found [256000.00]
at com.selenium.testcase_fd.FixedDeposit_Test.fixedDeposit_2lakh(FixedDeposit_Test.java:80)
at java.base/java.util.ArrayList.forEach(ArrayList.java:1511)
... Removed 33 stack frames]]>
    </failure>
  </testcase> <!-- fixedDeposit_2lakh -->
  <testcase classname="com.selenium.testcase_fd.FixedDeposit_Test" name="fixedDeposit_3lakh" time="3.779">
    <skipped/>
  </testcase> <!-- fixedDeposit_3lakh -->
</testsuite> <!-- Test for Fixed Deposit -->
